# JRE version: OpenJDK Runtime Environment (8.0_152-b01) (build 1.8.0_152-release-915-b01)
# Java VM: OpenJDK 64-Bit Server VM (25.152-b01 mixed mode windows-amd64 compressed oops)
Heap:
 PSYoungGen      total 279040K, used 259785K [0x00000000e0000000, 0x00000000f5300000, 0x0000000100000000)
  eden space 250368K, 98% used [0x00000000e0000000,0x00000000ef01e860,0x00000000ef480000)
  from space 28672K, 48% used [0x00000000ef480000,0x00000000f0213e48,0x00000000f1080000)
  to   space 27648K, 0% used [0x00000000f3800000,0x00000000f3800000,0x00000000f5300000)
 ParOldGen       total 128000K, used 75990K [0x00000000a0000000, 0x00000000a7d00000, 0x00000000e0000000)
  object space 128000K, 59% used [0x00000000a0000000,0x00000000a4a359e0,0x00000000a7d00000)
 Metaspace       used 84952K, capacity 88814K, committed 89048K, reserved 1126400K
  class space    used 10556K, capacity 11501K, committed 11520K, reserved 1048576K
GC Heap History (10 events):
Event: 2162.811 GC heap before
{Heap before GC invocations=31 (full 3):
 PSYoungGen      total 211968K, used 193964K [0x00000000e0000000, 0x00000000f0f00000, 0x0000000100000000)
  eden space 179200K, 100% used [0x00000000e0000000,0x00000000eaf00000,0x00000000eaf00000)
  from space 32768K, 45% used [0x00000000eaf00000,0x00000000ebd6b120,0x00000000ecf00000)
  to   space 31744K, 0% used [0x00000000ef000000,0x00000000ef000000,0x00000000f0f00000)
 ParOldGen       total 70144K, used 58735K [0x00000000a0000000, 0x00000000a4480000, 0x00000000e0000000)
  object space 70144K, 83% used [0x00000000a0000000,0x00000000a395be10,0x00000000a4480000)
 Metaspace       used 74862K, capacity 78276K, committed 78552K, reserved 1118208K
  class space    used 9564K, capacity 10416K, committed 10496K, reserved 1048576K
Event: 2162.887 GC heap after
Heap after GC invocations=31 (full 3):
 PSYoungGen      total 243712K, used 14897K [0x00000000e0000000, 0x00000000f0c80000, 0x0000000100000000)
  eden space 214528K, 0% used [0x00000000e0000000,0x00000000e0000000,0x00000000ed180000)
  from space 29184K, 51% used [0x00000000ef000000,0x00000000efe8c618,0x00000000f0c80000)
  to   space 30208K, 0% used [0x00000000ed180000,0x00000000ed180000,0x00000000eef00000)
 ParOldGen       total 70144K, used 62282K [0x00000000a0000000, 0x00000000a4480000, 0x00000000e0000000)
  object space 70144K, 88% used [0x00000000a0000000,0x00000000a3cd2a58,0x00000000a4480000)
 Metaspace       used 74862K, capacity 78276K, committed 78552K, reserved 1118208K
  class space    used 9564K, capacity 10416K, committed 10496K, reserved 1048576K
}
Event: 2162.887 GC heap before
{Heap before GC invocations=32 (full 4):
 PSYoungGen      total 243712K, used 14897K [0x00000000e0000000, 0x00000000f0c80000, 0x0000000100000000)
  eden space 214528K, 0% used [0x00000000e0000000,0x00000000e0000000,0x00000000ed180000)
  from space 29184K, 51% used [0x00000000ef000000,0x00000000efe8c618,0x00000000f0c80000)
  to   space 30208K, 0% used [0x00000000ed180000,0x00000000ed180000,0x00000000eef00000)
 ParOldGen       total 70144K, used 62282K [0x00000000a0000000, 0x00000000a4480000, 0x00000000e0000000)
  object space 70144K, 88% used [0x00000000a0000000,0x00000000a3cd2a58,0x00000000a4480000)
 Metaspace       used 74862K, capacity 78276K, committed 78552K, reserved 1118208K
  class space    used 9564K, capacity 10416K, committed 10496K, reserved 1048576K
Event: 2164.647 GC heap after
Heap after GC invocations=32 (full 4):
 PSYoungGen      total 243712K, used 0K [0x00000000e0000000, 0x00000000f0c80000, 0x0000000100000000)
  eden space 214528K, 0% used [0x00000000e0000000,0x00000000e0000000,0x00000000ed180000)
  from space 29184K, 0% used [0x00000000ef000000,0x00000000ef000000,0x00000000f0c80000)
  to   space 30208K, 0% used [0x00000000ed180000,0x00000000ed180000,0x00000000eef00000)
 ParOldGen       total 128000K, used 67020K [0x00000000a0000000, 0x00000000a7d00000, 0x00000000e0000000)
  object space 128000K, 52% used [0x00000000a0000000,0x00000000a4173130,0x00000000a7d00000)
 Metaspace       used 74764K, capacity 78108K, committed 78552K, reserved 1118208K
  class space    used 9547K, capacity 10384K, committed 10496K, reserved 1048576K
}
Event: 10597.404 GC heap before
{Heap before GC invocations=33 (full 4):
 PSYoungGen      total 243712K, used 214528K [0x00000000e0000000, 0x00000000f0c80000, 0x0000000100000000)
  eden space 214528K, 100% used [0x00000000e0000000,0x00000000ed180000,0x00000000ed180000)
  from space 29184K, 0% used [0x00000000ef000000,0x00000000ef000000,0x00000000f0c80000)
  to   space 30208K, 0% used [0x00000000ed180000,0x00000000ed180000,0x00000000eef00000)
 ParOldGen       total 128000K, used 67020K [0x00000000a0000000, 0x00000000a7d00000, 0x00000000e0000000)
  object space 128000K, 52% used [0x00000000a0000000,0x00000000a4173130,0x00000000a7d00000)
 Metaspace       used 75383K, capacity 79172K, committed 79448K, reserved 1118208K
  class space    used 9617K, capacity 10544K, committed 10624K, reserved 1048576K
Event: 10597.944 GC heap after
Heap after GC invocations=33 (full 4):
 PSYoungGen      total 244736K, used 10129K [0x00000000e0000000, 0x00000000f3200000, 0x0000000100000000)
  eden space 214528K, 0% used [0x00000000e0000000,0x00000000e0000000,0x00000000ed180000)
  from space 30208K, 33% used [0x00000000ed180000,0x00000000edb64450,0x00000000eef00000)
  to   space 29184K, 0% used [0x00000000f1580000,0x00000000f1580000,0x00000000f3200000)
 ParOldGen       total 128000K, used 67028K [0x00000000a0000000, 0x00000000a7d00000, 0x00000000e0000000)
  object space 128000K, 52% used [0x00000000a0000000,0x00000000a4175130,0x00000000a7d00000)
 Metaspace       used 75383K, capacity 79172K, committed 79448K, reserved 1118208K
  class space    used 9617K, capacity 10544K, committed 10624K, reserved 1048576K
}
Event: 10681.086 GC heap before
{Heap before GC invocations=34 (full 4):
 PSYoungGen      total 244736K, used 224657K [0x00000000e0000000, 0x00000000f3200000, 0x0000000100000000)
  eden space 214528K, 100% used [0x00000000e0000000,0x00000000ed180000,0x00000000ed180000)
  from space 30208K, 33% used [0x00000000ed180000,0x00000000edb64450,0x00000000eef00000)
  to   space 29184K, 0% used [0x00000000f1580000,0x00000000f1580000,0x00000000f3200000)
 ParOldGen       total 128000K, used 67028K [0x00000000a0000000, 0x00000000a7d00000, 0x00000000e0000000)
  object space 128000K, 52% used [0x00000000a0000000,0x00000000a4175130,0x00000000a7d00000)
 Metaspace       used 80740K, capacity 84482K, committed 84568K, reserved 1122304K
  class space    used 10199K, capacity 11131K, committed 11136K, reserved 1048576K
Event: 10681.128 GC heap after
Heap after GC invocations=34 (full 4):
 PSYoungGen      total 273920K, used 5615K [0x00000000e0000000, 0x00000000f2c80000, 0x0000000100000000)
  eden space 250368K, 0% used [0x00000000e0000000,0x00000000e0000000,0x00000000ef480000)
  from space 23552K, 23% used [0x00000000f1580000,0x00000000f1afbe18,0x00000000f2c80000)
  to   space 28672K, 0% used [0x00000000ef480000,0x00000000ef480000,0x00000000f1080000)
 ParOldGen       total 128000K, used 71719K [0x00000000a0000000, 0x00000000a7d00000, 0x00000000e0000000)
  object space 128000K, 56% used [0x00000000a0000000,0x00000000a4609de0,0x00000000a7d00000)
 Metaspace       used 80740K, capacity 84482K, committed 84568K, reserved 1122304K
  class space    used 10199K, capacity 11131K, committed 11136K, reserved 1048576K
}
Event: 10710.675 GC heap before
{Heap before GC invocations=35 (full 4):
 PSYoungGen      total 273920K, used 255983K [0x00000000e0000000, 0x00000000f2c80000, 0x0000000100000000)
  eden space 250368K, 100% used [0x00000000e0000000,0x00000000ef480000,0x00000000ef480000)
  from space 23552K, 23% used [0x00000000f1580000,0x00000000f1afbe18,0x00000000f2c80000)
  to   space 28672K, 0% used [0x00000000ef480000,0x00000000ef480000,0x00000000f1080000)
 ParOldGen       total 128000K, used 71719K [0x00000000a0000000, 0x00000000a7d00000, 0x00000000e0000000)
  object space 128000K, 56% used [0x00000000a0000000,0x00000000a4609de0,0x00000000a7d00000)
 Metaspace       used 84760K, capacity 88614K, committed 88792K, reserved 1126400K
  class space    used 10555K, capacity 11501K, committed 11520K, reserved 1048576K
Event: 10710.886 GC heap after
Heap after GC invocations=35 (full 4):
 PSYoungGen      total 279040K, used 13903K [0x00000000e0000000, 0x00000000f5300000, 0x0000000100000000)
  eden space 250368K, 0% used [0x00000000e0000000,0x00000000e0000000,0x00000000ef480000)
  from space 28672K, 48% used [0x00000000ef480000,0x00000000f0213e48,0x00000000f1080000)
  to   space 27648K, 0% used [0x00000000f3800000,0x00000000f3800000,0x00000000f5300000)
 ParOldGen       total 128000K, used 75990K [0x00000000a0000000, 0x00000000a7d00000, 0x00000000e0000000)
  object space 128000K, 59% used [0x00000000a0000000,0x00000000a4a359e0,0x00000000a7d00000)
 Metaspace       used 84760K, capacity 88614K, committed 88792K, reserved 1126400K
  class space    used 10555K, capacity 11501K, committed 11520K, reserved 1048576K
}

